<?xml version="1.0" encoding="UTF-8"?>
<coverage generated="1736917254151" clover="3.2.0">
  <project timestamp="1736917254151" name="All files">
    <metrics statements="75" coveredstatements="75" conditionals="77" coveredconditionals="77" methods="11" coveredmethods="11" elements="163" coveredelements="163" complexity="0" loc="75" ncloc="75" packages="1" files="1" classes="1"/>
    <file name="POJOArrayMapper.js" path="/Users/pablobenito/Documents/develop/experiments/aiuse/prompts/shortSolutions/POJOsCrawling/curatedSolution/src/POJOArrayMapper.js">
      <metrics statements="75" coveredstatements="75" conditionals="77" coveredconditionals="77" methods="11" coveredmethods="11"/>
      <line num="20" count="1" type="stmt"/>
      <line num="21" count="12" type="stmt"/>
      <line num="23" count="1" type="cond" truecount="1" falsecount="0"/>
      <line num="31" count="197" type="cond" truecount="2" falsecount="0"/>
      <line num="32" count="197" type="stmt"/>
      <line num="33" count="197" type="stmt"/>
      <line num="35" count="197" type="stmt"/>
      <line num="36" count="263" type="stmt"/>
      <line num="38" count="263" type="cond" truecount="2" falsecount="0"/>
      <line num="39" count="1" type="stmt"/>
      <line num="40" count="1" type="stmt"/>
      <line num="43" count="262" type="cond" truecount="2" falsecount="0"/>
      <line num="44" count="237" type="cond" truecount="2" falsecount="0"/>
      <line num="46" count="237" type="cond" truecount="4" falsecount="0"/>
      <line num="47" count="1" type="stmt"/>
      <line num="48" count="1" type="stmt"/>
      <line num="51" count="236" type="cond" truecount="2" falsecount="0"/>
      <line num="56" count="197" type="stmt"/>
      <line num="59" count="1" type="stmt"/>
      <line num="67" count="39" type="cond" truecount="2" falsecount="0"/>
      <line num="68" count="39" type="stmt"/>
      <line num="70" count="39" type="stmt"/>
      <line num="71" count="39" type="cond" truecount="4" falsecount="0"/>
      <line num="73" count="39" type="cond" truecount="2" falsecount="0"/>
      <line num="74" count="38" type="cond" truecount="2" falsecount="0"/>
      <line num="77" count="39" type="stmt"/>
      <line num="82" count="1" type="stmt"/>
      <line num="83" count="69" type="cond" truecount="2" falsecount="0"/>
      <line num="84" count="42" type="stmt"/>
      <line num="85" count="27" type="cond" truecount="4" falsecount="0"/>
      <line num="86" count="25" type="stmt"/>
      <line num="87" count="51" type="stmt"/>
      <line num="90" count="69" type="stmt"/>
      <line num="103" count="179" type="stmt"/>
      <line num="105" count="179" type="stmt"/>
      <line num="108" count="179" type="cond" truecount="2" falsecount="0"/>
      <line num="111" count="179" type="cond" truecount="2" falsecount="0"/>
      <line num="112" count="101" type="stmt"/>
      <line num="113" count="101" type="cond" truecount="4" falsecount="0"/>
      <line num="114" count="99" type="stmt"/>
      <line num="119" count="78" type="cond" truecount="6" falsecount="0"/>
      <line num="120" count="13" type="stmt"/>
      <line num="121" count="13" type="cond" truecount="2" falsecount="0"/>
      <line num="122" count="7" type="stmt"/>
      <line num="127" count="65" type="stmt"/>
      <line num="128" count="65" type="stmt"/>
      <line num="133" count="148" type="stmt"/>
      <line num="136" count="148" type="cond" truecount="4" falsecount="0"/>
      <line num="137" count="144" type="stmt"/>
      <line num="138" count="144" type="stmt"/>
      <line num="140" count="144" type="cond" truecount="2" falsecount="0"/>
      <line num="143" count="148" type="stmt"/>
      <line num="145" count="65" type="stmt"/>
      <line num="146" count="65" type="cond" truecount="4" falsecount="0"/>
      <line num="147" count="2" type="stmt"/>
      <line num="151" count="179" type="stmt"/>
      <line num="160" count="11" type="cond" truecount="2" falsecount="0"/>
      <line num="161" count="11" type="stmt"/>
      <line num="163" count="11" type="stmt"/>
      <line num="176" count="50" type="stmt"/>
      <line num="180" count="50" type="cond" truecount="2" falsecount="0"/>
      <line num="181" count="29" type="stmt"/>
      <line num="185" count="21" type="stmt"/>
      <line num="186" count="21" type="cond" truecount="2" falsecount="0"/>
      <line num="188" count="21" type="cond" truecount="2" falsecount="0"/>
      <line num="190" count="19" type="cond" truecount="2" falsecount="0"/>
      <line num="192" count="19" type="stmt"/>
      <line num="194" count="39" type="stmt"/>
      <line num="196" count="39" type="cond" truecount="2" falsecount="0"/>
      <line num="197" count="39" type="cond" truecount="2" falsecount="0"/>
      <line num="199" count="39" type="cond" truecount="2" falsecount="0"/>
      <line num="202" count="39" type="cond" truecount="2" falsecount="0"/>
      <line num="204" count="39" type="stmt"/>
      <line num="213" count="50" type="stmt"/>
      <line num="219" count="1" type="stmt"/>
    </file>
  </project>
</coverage>
