{"/Users/pablobenito/Documents/develop/experiments/aiuse/prompts/shortSolutions/POJOsCrawling/curatedSolution/src/POJOArrayMapper.js": {"path":"/Users/pablobenito/Documents/develop/experiments/aiuse/prompts/shortSolutions/POJOsCrawling/curatedSolution/src/POJOArrayMapper.js","statementMap":{"0":{"start":{"line":20,"column":26},"end":{"line":20,"column":28}},"1":{"start":{"line":21,"column":35},"end":{"line":21,"column":58}},"2":{"start":{"line":21,"column":41},"end":{"line":21,"column":58}},"3":{"start":{"line":23,"column":34},"end":{"line":57,"column":1}},"4":{"start":{"line":31,"column":15},"end":{"line":31,"column":76}},"5":{"start":{"line":32,"column":16},"end":{"line":32,"column":27}},"6":{"start":{"line":33,"column":10},"end":{"line":33,"column":13}},"7":{"start":{"line":35,"column":2},"end":{"line":54,"column":3}},"8":{"start":{"line":35,"column":14},"end":{"line":35,"column":15}},"9":{"start":{"line":36,"column":15},"end":{"line":36,"column":27}},"10":{"start":{"line":38,"column":4},"end":{"line":41,"column":5}},"11":{"start":{"line":39,"column":6},"end":{"line":39,"column":27}},"12":{"start":{"line":40,"column":6},"end":{"line":40,"column":12}},"13":{"start":{"line":43,"column":4},"end":{"line":43,"column":32}},"14":{"start":{"line":43,"column":22},"end":{"line":43,"column":31}},"15":{"start":{"line":44,"column":4},"end":{"line":44,"column":35}},"16":{"start":{"line":44,"column":24},"end":{"line":44,"column":34}},"17":{"start":{"line":46,"column":4},"end":{"line":49,"column":5}},"18":{"start":{"line":47,"column":6},"end":{"line":47,"column":27}},"19":{"start":{"line":48,"column":6},"end":{"line":48,"column":12}},"20":{"start":{"line":51,"column":4},"end":{"line":53,"column":25}},"21":{"start":{"line":56,"column":2},"end":{"line":56,"column":11}},"22":{"start":{"line":59,"column":34},"end":{"line":78,"column":1}},"23":{"start":{"line":67,"column":15},"end":{"line":67,"column":76}},"24":{"start":{"line":68,"column":23},"end":{"line":68,"column":33}},"25":{"start":{"line":70,"column":15},"end":{"line":70,"column":95}},"26":{"start":{"line":71,"column":17},"end":{"line":71,"column":124}},"27":{"start":{"line":73,"column":2},"end":{"line":75,"column":3}},"28":{"start":{"line":74,"column":4},"end":{"line":74,"column":60}},"29":{"start":{"line":77,"column":2},"end":{"line":77,"column":16}},"30":{"start":{"line":82,"column":20},"end":{"line":91,"column":1}},"31":{"start":{"line":83,"column":2},"end":{"line":88,"column":3}},"32":{"start":{"line":84,"column":4},"end":{"line":84,"column":18}},"33":{"start":{"line":85,"column":9},"end":{"line":88,"column":3}},"34":{"start":{"line":86,"column":18},"end":{"line":86,"column":35}},"35":{"start":{"line":87,"column":4},"end":{"line":87,"column":51}},"36":{"start":{"line":87,"column":38},"end":{"line":87,"column":49}},"37":{"start":{"line":90,"column":2},"end":{"line":90,"column":11}},"38":{"start":{"line":103,"column":10},"end":{"line":103,"column":23}},"39":{"start":{"line":105,"column":42},"end":{"line":105,"column":57}},"40":{"start":{"line":108,"column":20},"end":{"line":108,"column":113}},"41":{"start":{"line":111,"column":2},"end":{"line":149,"column":3}},"42":{"start":{"line":112,"column":4},"end":{"line":112,"column":44}},"43":{"start":{"line":113,"column":4},"end":{"line":115,"column":5}},"44":{"start":{"line":114,"column":6},"end":{"line":114,"column":28}},"45":{"start":{"line":119,"column":7},"end":{"line":149,"column":3}},"46":{"start":{"line":120,"column":4},"end":{"line":120,"column":15}},"47":{"start":{"line":121,"column":4},"end":{"line":123,"column":5}},"48":{"start":{"line":122,"column":6},"end":{"line":122,"column":34}},"49":{"start":{"line":127,"column":26},"end":{"line":127,"column":31}},"50":{"start":{"line":128,"column":4},"end":{"line":144,"column":7}},"51":{"start":{"line":133,"column":15},"end":{"line":133,"column":82}},"52":{"start":{"line":136,"column":6},"end":{"line":141,"column":7}},"53":{"start":{"line":137,"column":8},"end":{"line":137,"column":34}},"54":{"start":{"line":138,"column":8},"end":{"line":138,"column":19}},"55":{"start":{"line":140,"column":8},"end":{"line":140,"column":47}},"56":{"start":{"line":143,"column":6},"end":{"line":143,"column":31}},"57":{"start":{"line":145,"column":4},"end":{"line":145,"column":26}},"58":{"start":{"line":146,"column":4},"end":{"line":148,"column":5}},"59":{"start":{"line":147,"column":6},"end":{"line":147,"column":15}},"60":{"start":{"line":147,"column":16},"end":{"line":147,"column":25}},"61":{"start":{"line":151,"column":2},"end":{"line":151,"column":11}},"62":{"start":{"line":160,"column":25},"end":{"line":160,"column":108}},"63":{"start":{"line":161,"column":10},"end":{"line":161,"column":74}},"64":{"start":{"line":163,"column":2},"end":{"line":169,"column":4}},"65":{"start":{"line":176,"column":42},"end":{"line":176,"column":57}},"66":{"start":{"line":180,"column":2},"end":{"line":212,"column":3}},"67":{"start":{"line":181,"column":4},"end":{"line":181,"column":72}},"68":{"start":{"line":185,"column":23},"end":{"line":185,"column":97}},"69":{"start":{"line":186,"column":4},"end":{"line":186,"column":80}},"70":{"start":{"line":188,"column":4},"end":{"line":211,"column":5}},"71":{"start":{"line":190,"column":24},"end":{"line":190,"column":83}},"72":{"start":{"line":192,"column":6},"end":{"line":210,"column":9}},"73":{"start":{"line":194,"column":26},"end":{"line":194,"column":50}},"74":{"start":{"line":196,"column":18},"end":{"line":196,"column":59}},"75":{"start":{"line":197,"column":27},"end":{"line":197,"column":73}},"76":{"start":{"line":199,"column":22},"end":{"line":199,"column":64}},"77":{"start":{"line":202,"column":32},"end":{"line":202,"column":78}},"78":{"start":{"line":204,"column":8},"end":{"line":209,"column":11}},"79":{"start":{"line":213,"column":2},"end":{"line":213,"column":12}},"80":{"start":{"line":219,"column":2},"end":{"line":219,"column":124}}},"fnMap":{"0":{"name":"(anonymous_0)","decl":{"start":{"line":21,"column":35},"end":{"line":21,"column":36}},"loc":{"start":{"line":21,"column":41},"end":{"line":21,"column":58}},"line":21},"1":{"name":"(anonymous_1)","decl":{"start":{"line":23,"column":34},"end":{"line":23,"column":35}},"loc":{"start":{"line":23,"column":95},"end":{"line":57,"column":1}},"line":23},"2":{"name":"(anonymous_2)","decl":{"start":{"line":59,"column":34},"end":{"line":59,"column":35}},"loc":{"start":{"line":59,"column":64},"end":{"line":78,"column":1}},"line":59},"3":{"name":"(anonymous_3)","decl":{"start":{"line":82,"column":20},"end":{"line":82,"column":21}},"loc":{"start":{"line":82,"column":31},"end":{"line":91,"column":1}},"line":82},"4":{"name":"(anonymous_4)","decl":{"start":{"line":87,"column":20},"end":{"line":87,"column":21}},"loc":{"start":{"line":87,"column":38},"end":{"line":87,"column":49}},"line":87},"5":{"name":"fanOut","decl":{"start":{"line":94,"column":16},"end":{"line":94,"column":22}},"loc":{"start":{"line":94,"column":71},"end":{"line":152,"column":1}},"line":94},"6":{"name":"(anonymous_6)","decl":{"start":{"line":128,"column":22},"end":{"line":128,"column":23}},"loc":{"start":{"line":128,"column":32},"end":{"line":144,"column":5}},"line":128},"7":{"name":"extractOLeaves","decl":{"start":{"line":155,"column":16},"end":{"line":155,"column":30}},"loc":{"start":{"line":155,"column":79},"end":{"line":170,"column":1}},"line":155},"8":{"name":"fanIn","decl":{"start":{"line":173,"column":16},"end":{"line":173,"column":21}},"loc":{"start":{"line":173,"column":71},"end":{"line":214,"column":1}},"line":173},"9":{"name":"(anonymous_9)","decl":{"start":{"line":192,"column":29},"end":{"line":192,"column":30}},"loc":{"start":{"line":192,"column":41},"end":{"line":210,"column":7}},"line":192},"10":{"name":"injectOLeaves","decl":{"start":{"line":218,"column":16},"end":{"line":218,"column":29}},"loc":{"start":{"line":218,"column":55},"end":{"line":220,"column":1}},"line":218}},"branchMap":{"0":{"loc":{"start":{"line":23,"column":53},"end":{"line":23,"column":89}},"type":"default-arg","locations":[{"start":{"line":23,"column":72},"end":{"line":23,"column":89}}],"line":23},"1":{"loc":{"start":{"line":31,"column":15},"end":{"line":31,"column":76}},"type":"cond-expr","locations":[{"start":{"line":31,"column":42},"end":{"line":31,"column":52}},{"start":{"line":31,"column":55},"end":{"line":31,"column":76}}],"line":31},"2":{"loc":{"start":{"line":38,"column":4},"end":{"line":41,"column":5}},"type":"if","locations":[{"start":{"line":38,"column":4},"end":{"line":41,"column":5}},{"start":{},"end":{}}],"line":38},"3":{"loc":{"start":{"line":43,"column":4},"end":{"line":43,"column":32}},"type":"if","locations":[{"start":{"line":43,"column":4},"end":{"line":43,"column":32}},{"start":{},"end":{}}],"line":43},"4":{"loc":{"start":{"line":44,"column":4},"end":{"line":44,"column":35}},"type":"if","locations":[{"start":{"line":44,"column":4},"end":{"line":44,"column":35}},{"start":{},"end":{}}],"line":44},"5":{"loc":{"start":{"line":46,"column":4},"end":{"line":49,"column":5}},"type":"if","locations":[{"start":{"line":46,"column":4},"end":{"line":49,"column":5}},{"start":{},"end":{}}],"line":46},"6":{"loc":{"start":{"line":46,"column":8},"end":{"line":46,"column":43}},"type":"binary-expr","locations":[{"start":{"line":46,"column":8},"end":{"line":46,"column":29}},{"start":{"line":46,"column":33},"end":{"line":46,"column":43}}],"line":46},"7":{"loc":{"start":{"line":51,"column":8},"end":{"line":53,"column":24}},"type":"cond-expr","locations":[{"start":{"line":52,"column":8},"end":{"line":52,"column":15}},{"start":{"line":53,"column":8},"end":{"line":53,"column":24}}],"line":51},"8":{"loc":{"start":{"line":67,"column":15},"end":{"line":67,"column":76}},"type":"cond-expr","locations":[{"start":{"line":67,"column":42},"end":{"line":67,"column":52}},{"start":{"line":67,"column":55},"end":{"line":67,"column":76}}],"line":67},"9":{"loc":{"start":{"line":71,"column":17},"end":{"line":71,"column":124}},"type":"binary-expr","locations":[{"start":{"line":71,"column":17},"end":{"line":71,"column":49}},{"start":{"line":71,"column":53},"end":{"line":71,"column":77}},{"start":{"line":71,"column":81},"end":{"line":71,"column":94}},{"start":{"line":71,"column":98},"end":{"line":71,"column":124}}],"line":71},"10":{"loc":{"start":{"line":73,"column":2},"end":{"line":75,"column":3}},"type":"if","locations":[{"start":{"line":73,"column":2},"end":{"line":75,"column":3}},{"start":{},"end":{}}],"line":73},"11":{"loc":{"start":{"line":74,"column":9},"end":{"line":74,"column":50}},"type":"cond-expr","locations":[{"start":{"line":74,"column":33},"end":{"line":74,"column":35}},{"start":{"line":74,"column":38},"end":{"line":74,"column":50}}],"line":74},"12":{"loc":{"start":{"line":83,"column":2},"end":{"line":88,"column":3}},"type":"if","locations":[{"start":{"line":83,"column":2},"end":{"line":88,"column":3}},{"start":{"line":85,"column":9},"end":{"line":88,"column":3}}],"line":83},"13":{"loc":{"start":{"line":85,"column":9},"end":{"line":88,"column":3}},"type":"if","locations":[{"start":{"line":85,"column":9},"end":{"line":88,"column":3}},{"start":{},"end":{}}],"line":85},"14":{"loc":{"start":{"line":85,"column":13},"end":{"line":85,"column":48}},"type":"binary-expr","locations":[{"start":{"line":85,"column":13},"end":{"line":85,"column":34}},{"start":{"line":85,"column":38},"end":{"line":85,"column":48}}],"line":85},"15":{"loc":{"start":{"line":94,"column":46},"end":{"line":94,"column":68}},"type":"default-arg","locations":[{"start":{"line":94,"column":63},"end":{"line":94,"column":68}}],"line":94},"16":{"loc":{"start":{"line":108,"column":20},"end":{"line":108,"column":113}},"type":"cond-expr","locations":[{"start":{"line":108,"column":33},"end":{"line":108,"column":107}},{"start":{"line":108,"column":110},"end":{"line":108,"column":113}}],"line":108},"17":{"loc":{"start":{"line":111,"column":2},"end":{"line":149,"column":3}},"type":"if","locations":[{"start":{"line":111,"column":2},"end":{"line":149,"column":3}},{"start":{"line":119,"column":7},"end":{"line":149,"column":3}}],"line":111},"18":{"loc":{"start":{"line":113,"column":4},"end":{"line":115,"column":5}},"type":"if","locations":[{"start":{"line":113,"column":4},"end":{"line":115,"column":5}},{"start":{},"end":{}}],"line":113},"19":{"loc":{"start":{"line":113,"column":9},"end":{"line":113,"column":31}},"type":"binary-expr","locations":[{"start":{"line":113,"column":9},"end":{"line":113,"column":13}},{"start":{"line":113,"column":17},"end":{"line":113,"column":31}}],"line":113},"20":{"loc":{"start":{"line":119,"column":7},"end":{"line":149,"column":3}},"type":"if","locations":[{"start":{"line":119,"column":7},"end":{"line":149,"column":3}},{"start":{"line":126,"column":7},"end":{"line":149,"column":3}}],"line":119},"21":{"loc":{"start":{"line":119,"column":11},"end":{"line":119,"column":139}},"type":"binary-expr","locations":[{"start":{"line":119,"column":11},"end":{"line":119,"column":43}},{"start":{"line":119,"column":47},"end":{"line":119,"column":67}},{"start":{"line":119,"column":71},"end":{"line":119,"column":102}},{"start":{"line":119,"column":106},"end":{"line":119,"column":139}}],"line":119},"22":{"loc":{"start":{"line":121,"column":4},"end":{"line":123,"column":5}},"type":"if","locations":[{"start":{"line":121,"column":4},"end":{"line":123,"column":5}},{"start":{},"end":{}}],"line":121},"23":{"loc":{"start":{"line":136,"column":6},"end":{"line":141,"column":7}},"type":"if","locations":[{"start":{"line":136,"column":6},"end":{"line":141,"column":7}},{"start":{},"end":{}}],"line":136},"24":{"loc":{"start":{"line":136,"column":10},"end":{"line":136,"column":33}},"type":"binary-expr","locations":[{"start":{"line":136,"column":10},"end":{"line":136,"column":15}},{"start":{"line":136,"column":19},"end":{"line":136,"column":33}}],"line":136},"25":{"loc":{"start":{"line":140,"column":17},"end":{"line":140,"column":44}},"type":"cond-expr","locations":[{"start":{"line":140,"column":31},"end":{"line":140,"column":40}},{"start":{"line":140,"column":43},"end":{"line":140,"column":44}}],"line":140},"26":{"loc":{"start":{"line":146,"column":4},"end":{"line":148,"column":5}},"type":"if","locations":[{"start":{"line":146,"column":4},"end":{"line":148,"column":5}},{"start":{},"end":{}}],"line":146},"27":{"loc":{"start":{"line":146,"column":8},"end":{"line":146,"column":30}},"type":"binary-expr","locations":[{"start":{"line":146,"column":8},"end":{"line":146,"column":11}},{"start":{"line":146,"column":15},"end":{"line":146,"column":30}}],"line":146},"28":{"loc":{"start":{"line":155,"column":54},"end":{"line":155,"column":76}},"type":"default-arg","locations":[{"start":{"line":155,"column":71},"end":{"line":155,"column":76}}],"line":155},"29":{"loc":{"start":{"line":160,"column":25},"end":{"line":160,"column":108}},"type":"cond-expr","locations":[{"start":{"line":160,"column":58},"end":{"line":160,"column":73}},{"start":{"line":160,"column":76},"end":{"line":160,"column":108}}],"line":160},"30":{"loc":{"start":{"line":180,"column":2},"end":{"line":212,"column":3}},"type":"if","locations":[{"start":{"line":180,"column":2},"end":{"line":212,"column":3}},{"start":{"line":184,"column":7},"end":{"line":212,"column":3}}],"line":180},"31":{"loc":{"start":{"line":186,"column":9},"end":{"line":186,"column":79}},"type":"binary-expr","locations":[{"start":{"line":186,"column":9},"end":{"line":186,"column":43}},{"start":{"line":186,"column":47},"end":{"line":186,"column":79}}],"line":186},"32":{"loc":{"start":{"line":188,"column":4},"end":{"line":211,"column":5}},"type":"if","locations":[{"start":{"line":188,"column":4},"end":{"line":211,"column":5}},{"start":{},"end":{}}],"line":188},"33":{"loc":{"start":{"line":190,"column":24},"end":{"line":190,"column":83}},"type":"binary-expr","locations":[{"start":{"line":190,"column":24},"end":{"line":190,"column":53}},{"start":{"line":190,"column":57},"end":{"line":190,"column":83}}],"line":190},"34":{"loc":{"start":{"line":196,"column":18},"end":{"line":196,"column":59}},"type":"cond-expr","locations":[{"start":{"line":196,"column":32},"end":{"line":196,"column":40}},{"start":{"line":196,"column":43},"end":{"line":196,"column":59}}],"line":196},"35":{"loc":{"start":{"line":197,"column":27},"end":{"line":197,"column":73}},"type":"cond-expr","locations":[{"start":{"line":197,"column":41},"end":{"line":197,"column":53}},{"start":{"line":197,"column":56},"end":{"line":197,"column":73}}],"line":197},"36":{"loc":{"start":{"line":199,"column":22},"end":{"line":199,"column":64}},"type":"cond-expr","locations":[{"start":{"line":199,"column":36},"end":{"line":199,"column":45}},{"start":{"line":199,"column":48},"end":{"line":199,"column":64}}],"line":199},"37":{"loc":{"start":{"line":202,"column":32},"end":{"line":202,"column":78}},"type":"cond-expr","locations":[{"start":{"line":202,"column":46},"end":{"line":202,"column":59}},{"start":{"line":202,"column":62},"end":{"line":202,"column":78}}],"line":202}},"s":{"0":1,"1":1,"2":12,"3":1,"4":197,"5":197,"6":197,"7":197,"8":197,"9":263,"10":263,"11":1,"12":1,"13":262,"14":25,"15":237,"16":5,"17":237,"18":1,"19":1,"20":236,"21":197,"22":1,"23":39,"24":39,"25":39,"26":39,"27":39,"28":38,"29":39,"30":1,"31":69,"32":42,"33":27,"34":25,"35":25,"36":51,"37":69,"38":179,"39":179,"40":179,"41":179,"42":101,"43":101,"44":99,"45":78,"46":13,"47":13,"48":7,"49":65,"50":65,"51":148,"52":148,"53":144,"54":144,"55":144,"56":148,"57":65,"58":65,"59":2,"60":2,"61":179,"62":11,"63":11,"64":11,"65":50,"66":50,"67":29,"68":21,"69":21,"70":21,"71":19,"72":19,"73":39,"74":39,"75":39,"76":39,"77":39,"78":39,"79":50,"80":1},"f":{"0":12,"1":197,"2":39,"3":69,"4":51,"5":179,"6":148,"7":11,"8":50,"9":39,"10":1},"b":{"0":[17],"1":[44,153],"2":[1,262],"3":[25,237],"4":[5,232],"5":[1,236],"6":[237,236],"7":[214,22],"8":[1,38],"9":[39,39,38,38],"10":[38,1],"11":[1,37],"12":[42,27],"13":[25,2],"14":[27,26],"15":[15],"16":[118,61],"17":[101,78],"18":[99,2],"19":[101,3],"20":[13,65],"21":[78,78,78,78],"22":[7,6],"23":[144,4],"24":[148,11],"25":[42,102],"26":[2,63],"27":[65,5],"28":[9],"29":[1,10],"30":[29,21],"31":[21,20],"32":[19,2],"33":[19,13],"34":[27,12],"35":[19,20],"36":[27,12],"37":[19,20]},"_coverageSchema":"1a1c01bbd47fc00a2c39e90264f33305004495a9","hash":"98f92b35289aab87f120af0c1d3a0d7b1cdfbedb"}
}
