TN:
SF:src/POJOArrayMapper.js
FN:21,(anonymous_0)
FN:23,(anonymous_1)
FN:59,(anonymous_2)
FN:82,(anonymous_3)
FN:87,(anonymous_4)
FN:94,fanOut
FN:128,(anonymous_6)
FN:155,extractOLeaves
FN:173,fanIn
FN:192,(anonymous_9)
FN:218,injectOLeaves
FNF:11
FNH:11
FNDA:12,(anonymous_0)
FNDA:197,(anonymous_1)
FNDA:39,(anonymous_2)
FNDA:69,(anonymous_3)
FNDA:51,(anonymous_4)
FNDA:179,fanOut
FNDA:148,(anonymous_6)
FNDA:11,extractOLeaves
FNDA:50,fanIn
FNDA:39,(anonymous_9)
FNDA:1,injectOLeaves
DA:20,1
DA:21,12
DA:23,1
DA:31,197
DA:32,197
DA:33,197
DA:35,197
DA:36,263
DA:38,263
DA:39,1
DA:40,1
DA:43,262
DA:44,237
DA:46,237
DA:47,1
DA:48,1
DA:51,236
DA:56,197
DA:59,1
DA:67,39
DA:68,39
DA:70,39
DA:71,39
DA:73,39
DA:74,38
DA:77,39
DA:82,1
DA:83,69
DA:84,42
DA:85,27
DA:86,25
DA:87,51
DA:90,69
DA:103,179
DA:105,179
DA:108,179
DA:111,179
DA:112,101
DA:113,101
DA:114,99
DA:119,78
DA:120,13
DA:121,13
DA:122,7
DA:127,65
DA:128,65
DA:133,148
DA:136,148
DA:137,144
DA:138,144
DA:140,144
DA:143,148
DA:145,65
DA:146,65
DA:147,2
DA:151,179
DA:160,11
DA:161,11
DA:163,11
DA:176,50
DA:180,50
DA:181,29
DA:185,21
DA:186,21
DA:188,21
DA:190,19
DA:192,19
DA:194,39
DA:196,39
DA:197,39
DA:199,39
DA:202,39
DA:204,39
DA:213,50
DA:219,1
LF:75
LH:75
BRDA:23,0,0,17
BRDA:31,1,0,44
BRDA:31,1,1,153
BRDA:38,2,0,1
BRDA:38,2,1,262
BRDA:43,3,0,25
BRDA:43,3,1,237
BRDA:44,4,0,5
BRDA:44,4,1,232
BRDA:46,5,0,1
BRDA:46,5,1,236
BRDA:46,6,0,237
BRDA:46,6,1,236
BRDA:51,7,0,214
BRDA:51,7,1,22
BRDA:67,8,0,1
BRDA:67,8,1,38
BRDA:71,9,0,39
BRDA:71,9,1,39
BRDA:71,9,2,38
BRDA:71,9,3,38
BRDA:73,10,0,38
BRDA:73,10,1,1
BRDA:74,11,0,1
BRDA:74,11,1,37
BRDA:83,12,0,42
BRDA:83,12,1,27
BRDA:85,13,0,25
BRDA:85,13,1,2
BRDA:85,14,0,27
BRDA:85,14,1,26
BRDA:94,15,0,15
BRDA:108,16,0,118
BRDA:108,16,1,61
BRDA:111,17,0,101
BRDA:111,17,1,78
BRDA:113,18,0,99
BRDA:113,18,1,2
BRDA:113,19,0,101
BRDA:113,19,1,3
BRDA:119,20,0,13
BRDA:119,20,1,65
BRDA:119,21,0,78
BRDA:119,21,1,78
BRDA:119,21,2,78
BRDA:119,21,3,78
BRDA:121,22,0,7
BRDA:121,22,1,6
BRDA:136,23,0,144
BRDA:136,23,1,4
BRDA:136,24,0,148
BRDA:136,24,1,11
BRDA:140,25,0,42
BRDA:140,25,1,102
BRDA:146,26,0,2
BRDA:146,26,1,63
BRDA:146,27,0,65
BRDA:146,27,1,5
BRDA:155,28,0,9
BRDA:160,29,0,1
BRDA:160,29,1,10
BRDA:180,30,0,29
BRDA:180,30,1,21
BRDA:186,31,0,21
BRDA:186,31,1,20
BRDA:188,32,0,19
BRDA:188,32,1,2
BRDA:190,33,0,19
BRDA:190,33,1,13
BRDA:196,34,0,27
BRDA:196,34,1,12
BRDA:197,35,0,19
BRDA:197,35,1,20
BRDA:199,36,0,27
BRDA:199,36,1,12
BRDA:202,37,0,19
BRDA:202,37,1,20
BRF:77
BRH:77
end_of_record
